{"name": "test_delete", "status": "broken", "statusDetails": {"message": "selenium.common.exceptions.TimeoutException: Message:", "trace": "self = <test_material_format.TestMaterialFormat object at 0x0000020F1D1B4630>\ninit = (<selenium.webdriver.chrome.webdriver.WebDriver (session=\"7e92750c31360df0ef28a2ac31abe7e5\")>, <page_objects.material_format_page.MaterialFormatPage object at 0x0000020F1D1E89B0>)\n\n>   ???\n\nE:\\PycharmProjects\\practise02_web_rojao\\test_cases\\test_material_format.py:21: \n_ _ _ _ _ _ _ _ _ _ _ _ _ _ _ _ _ _ _ _ _ _ _ _ _ _ _ _ _ _ _ _ _ _ _ _ _ _ _ _\npage_objects\\material_format_page.py:21: in delete_record\n    self.click_element(locs.confirm_button, \"点击确定按钮\")\ncommon\\basepage.py:99: in click_element\n    self.wait_element_visible(loc, image_name, timeout, poll_frequency)\ncommon\\basepage.py:23: in wait_element_visible\n    WebDriverWait(self.driver, timeout, poll_frequency=poll_frequency).until(EC.visibility_of_element_located(loc))\n_ _ _ _ _ _ _ _ _ _ _ _ _ _ _ _ _ _ _ _ _ _ _ _ _ _ _ _ _ _ _ _ _ _ _ _ _ _ _ _\n\nself = <selenium.webdriver.support.wait.WebDriverWait (session=\"7e92750c31360df0ef28a2ac31abe7e5\")>\nmethod = <selenium.webdriver.support.expected_conditions.visibility_of_element_located object at 0x0000020F1D215160>\nmessage = ''\n\n    def until(self, method, message=''):\n        \"\"\"Calls the method provided with the driver as an argument until the \\\n        return value is not False.\"\"\"\n        screen = None\n        stacktrace = None\n    \n        end_time = time.time() + self._timeout\n        while True:\n            try:\n                value = method(self._driver)\n                if value:\n                    return value\n            except self._ignored_exceptions as exc:\n                screen = getattr(exc, 'screen', None)\n                stacktrace = getattr(exc, 'stacktrace', None)\n            time.sleep(self._poll)\n            if time.time() > end_time:\n                break\n>       raise TimeoutException(message, screen, stacktrace)\nE       selenium.common.exceptions.TimeoutException: Message:\n\nC:\\Users\\zt\\AppData\\Local\\Programs\\Python\\Python37\\lib\\site-packages\\selenium\\webdriver\\support\\wait.py:80: TimeoutException"}, "attachments": [{"name": "log", "source": "f922a6d4-12d7-4bfa-a7b5-acede8757a97-attachment.txt", "type": "text/plain"}], "start": 1590846145078, "stop": 1590846169148, "uuid": "fc49ee7f-0172-4abc-bd3a-f9d60b1b077e", "historyId": "c3482a43fe348de414a41083db44db2a", "testCaseId": "71bd09c9df6406f68a3379de289795a4", "fullName": "test_cases.test_material_format.TestMaterialFormat#test_delete", "labels": [{"name": "parentSuite", "value": "test_cases"}, {"name": "suite", "value": "test_material_format"}, {"name": "subSuite", "value": "TestMaterialFormat"}, {"name": "host", "value": "DESKTOP-FTT811N"}, {"name": "thread", "value": "4996-MainThread"}, {"name": "framework", "value": "pytest"}, {"name": "language", "value": "cpython3"}, {"name": "package", "value": "test_cases.test_material_format"}]}