Sat 23 May 2020 18:04:41 conftest.py init_driver INFO [line:12 *****conftest.py共享的init_driver的前置*****]
Sat 23 May 2020 18:04:47 conftest.py init_login INFO [line:25 init_login前置]
Sat 23 May 2020 18:04:47 basepage.py wait_element_visible INFO [line:18 在登录页面-输入用户名开始等待('name', 'account')元素可见]
Sat 23 May 2020 18:04:47 basepage.py wait_element_visible INFO [line:31 等待元素可见共用时：0:00:00.046002]
Sat 23 May 2020 18:04:47 basepage.py get_element INFO [line:76 在 登录页面-输入用户名 查找元素：('name', 'account').]
Sat 23 May 2020 18:04:47 basepage.py input_text INFO [line:111 在登录页面-输入用户名输入文本13711743452]
Sat 23 May 2020 18:04:47 basepage.py wait_element_visible INFO [line:18 在登录页面-输入密码开始等待('name', 'pass')元素可见]
Sat 23 May 2020 18:04:47 basepage.py wait_element_visible INFO [line:31 等待元素可见共用时：0:00:00.046003]
Sat 23 May 2020 18:04:47 basepage.py get_element INFO [line:76 在 登录页面-输入密码 查找元素：('name', 'pass').]
Sat 23 May 2020 18:04:47 basepage.py input_text INFO [line:111 在登录页面-输入密码输入文本xsy123456]
Sat 23 May 2020 18:04:47 basepage.py wait_element_visible INFO [line:18 在登录页面-点击登录按钮开始等待('xpath', '//div[@class="padding-cont pt-login"]//a[@class="btn-btn"]')元素可见]
Sat 23 May 2020 18:04:47 basepage.py wait_element_visible INFO [line:31 等待元素可见共用时：0:00:00.044002]
Sat 23 May 2020 18:04:47 basepage.py get_element INFO [line:76 在 登录页面-点击登录按钮 查找元素：('xpath', '//div[@class="padding-cont pt-login"]//a[@class="btn-btn"]').]
Sat 23 May 2020 18:04:47 basepage.py click_element INFO [line:100 在登录页面-点击登录按钮点击元素('xpath', '//div[@class="padding-cont pt-login"]//a[@class="btn-btn"]')]
Sat 23 May 2020 18:04:47 test_homework.py init INFO [line:13 homework用例自己的前置]
Sat 23 May 2020 18:04:47 basepage.py wait_element_visible INFO [line:18 在课堂页面-点击加入课程开始等待('xpath', '//div[@class="ktcon1l fr"]')元素可见]
Sat 23 May 2020 18:04:49 basepage.py wait_element_visible INFO [line:31 等待元素可见共用时：0:00:01.515087]
Sat 23 May 2020 18:04:49 basepage.py get_element INFO [line:76 在 课堂页面-点击加入课程 查找元素：('xpath', '//div[@class="ktcon1l fr"]').]
Sat 23 May 2020 18:04:49 basepage.py click_element INFO [line:100 在课堂页面-点击加入课程点击元素('xpath', '//div[@class="ktcon1l fr"]')]
Sat 23 May 2020 18:04:49 basepage.py wait_element_visible INFO [line:18 在课堂页面-输入加课验证码开始等待('xpath', '//div[@class="chuangjiankccon"]//input')元素可见]
Sat 23 May 2020 18:04:49 basepage.py wait_element_visible INFO [line:31 等待元素可见共用时：0:00:00.164009]
Sat 23 May 2020 18:04:49 basepage.py get_element INFO [line:76 在 课堂页面-输入加课验证码 查找元素：('xpath', '//div[@class="chuangjiankccon"]//input').]
Sat 23 May 2020 18:04:49 basepage.py input_text INFO [line:111 在课堂页面-输入加课验证码输入文本P69UVV]
Sat 23 May 2020 18:04:49 basepage.py wait_element_visible INFO [line:18 在课堂页面-点击加入开始等待('xpath', '//li[@class="cjli2"]//a')元素可见]
Sat 23 May 2020 18:04:49 basepage.py wait_element_visible INFO [line:31 等待元素可见共用时：0:00:00.048002]
Sat 23 May 2020 18:04:49 basepage.py get_element INFO [line:76 在 课堂页面-点击加入 查找元素：('xpath', '//li[@class="cjli2"]//a').]
Sat 23 May 2020 18:04:49 basepage.py click_element INFO [line:100 在课堂页面-点击加入点击元素('xpath', '//li[@class="cjli2"]//a')]
Sat 23 May 2020 18:04:50 basepage.py wait_element_visible INFO [line:18 在课堂页面-点击班级链接开始等待('xpath', '//dt[@class="bgclass1"]//a[@title="python-web项目实战- 考核项目"]')元素可见]
Sat 23 May 2020 18:04:50 basepage.py wait_element_visible INFO [line:31 等待元素可见共用时：0:00:00.571032]
Sat 23 May 2020 18:04:50 basepage.py get_element INFO [line:76 在 课堂页面-点击班级链接 查找元素：('xpath', '//dt[@class="bgclass1"]//a[@title="python-web项目实战- 考核项目"]').]
Sat 23 May 2020 18:04:50 basepage.py click_element INFO [line:100 在课堂页面-点击班级链接点击元素('xpath', '//dt[@class="bgclass1"]//a[@title="python-web项目实战- 考核项目"]')]
Sat 23 May 2020 18:04:51 basepage.py wait_element_visible INFO [line:18 在班级页面-点击作业页面链接开始等待('xpath', '//a[text()="作业"]')元素可见]
Sat 23 May 2020 18:04:52 basepage.py wait_element_visible INFO [line:31 等待元素可见共用时：0:00:01.825104]
Sat 23 May 2020 18:04:52 basepage.py get_element INFO [line:76 在 班级页面-点击作业页面链接 查找元素：('xpath', '//a[text()="作业"]').]
Sat 23 May 2020 18:04:52 basepage.py click_element INFO [line:100 在班级页面-点击作业页面链接点击元素('xpath', '//a[text()="作业"]')]
Sat 23 May 2020 18:04:54 basepage.py wait_element_visible INFO [line:18 在作业页面-点击作业链接开始等待('xpath', '//a[contains(text(), "20191126-自由发挥作业")]')元素可见]
Sat 23 May 2020 18:04:54 basepage.py wait_element_visible INFO [line:31 等待元素可见共用时：0:00:00.556032]
Sat 23 May 2020 18:04:54 basepage.py get_element INFO [line:76 在 作业页面-点击作业链接 查找元素：('xpath', '//a[contains(text(), "20191126-自由发挥作业")]').]
Sat 23 May 2020 18:04:54 basepage.py click_element INFO [line:100 在作业页面-点击作业链接点击元素('xpath', '//a[contains(text(), "20191126-自由发挥作业")]')]
Sat 23 May 2020 18:04:55 basepage.py wait_element_visible INFO [line:18 在作业页面-等待添加作业元素可见开始等待('xpath', '//a[@class="sc-btn webuploader-container"]')元素可见]
Sat 23 May 2020 18:05:15 basepage.py save_page_shot INFO [line:73 截取当前网页图片成功，并保存在：E:\PycharmProjects\web_practise_ketangpai\outputs/screenshots\作业页面-等待添加作业元素可见_2020-05-23 18_05_15.png]
Sat 23 May 2020 18:05:15 basepage.py wait_element_visible ERROR [line:25 等待元素可见失败]
Traceback (most recent call last):
  File "E:\PycharmProjects\web_practise_ketangpai\common\basepage.py", line 22, in wait_element_visible
    WebDriverWait(self.driver, timeout, poll_frequency=poll_frequency).until(EC.visibility_of_element_located(loc))
  File "D:\soft\python\lib\site-packages\selenium\webdriver\support\wait.py", line 80, in until
    raise TimeoutException(message, screen, stacktrace)
selenium.common.exceptions.TimeoutException: Message: 

Sat 23 May 2020 18:05:15 basepage.py wait_element_visible INFO [line:18 在作业页面-点击更新提交按钮开始等待('xpath', '//a[@class="new-tj1"]')元素可见]
Sat 23 May 2020 18:05:15 basepage.py wait_element_visible INFO [line:31 等待元素可见共用时：0:00:00.032002]
Sat 23 May 2020 18:05:15 basepage.py get_element INFO [line:76 在 作业页面-点击更新提交按钮 查找元素：('xpath', '//a[@class="new-tj1"]').]
Sat 23 May 2020 18:05:15 basepage.py click_element INFO [line:100 在作业页面-点击更新提交按钮点击元素('xpath', '//a[@class="new-tj1"]')]
Sat 23 May 2020 18:05:15 basepage.py wait_element_visible INFO [line:18 在作业页面-点击更新提交确定按钮开始等待('xpath', '//a[text()="确定"]')元素可见]
Sat 23 May 2020 18:05:15 basepage.py wait_element_visible INFO [line:31 等待元素可见共用时：0:00:00.039002]
Sat 23 May 2020 18:05:15 basepage.py get_element INFO [line:76 在 作业页面-点击更新提交确定按钮 查找元素：('xpath', '//a[text()="确定"]').]
Sat 23 May 2020 18:05:15 basepage.py click_element INFO [line:100 在作业页面-点击更新提交确定按钮点击元素('xpath', '//a[text()="确定"]')]
Sat 23 May 2020 18:05:15 basepage.py wait_element_visible INFO [line:18 在作业页面-点击添加作业按钮开始等待('xpath', '//a[@class="sc-btn webuploader-container"]')元素可见]
Sat 23 May 2020 18:05:15 basepage.py wait_element_visible INFO [line:31 等待元素可见共用时：0:00:00.034002]
Sat 23 May 2020 18:05:15 basepage.py get_element INFO [line:76 在 作业页面-点击添加作业按钮 查找元素：('xpath', '//a[@class="sc-btn webuploader-container"]').]
Sat 23 May 2020 18:05:16 basepage.py click_element INFO [line:100 在作业页面-点击添加作业按钮点击元素('xpath', '//a[@class="sc-btn webuploader-container"]')]
Sat 23 May 2020 18:05:19 basepage.py get_element INFO [line:76 在 作业页面-获取留言输入框元素 查找元素：('xpath', '//span[@class="s2"]').]
Sat 23 May 2020 18:05:19 basepage.py execute_script INFO [line:181 准备执行js脚本]
Sat 23 May 2020 18:05:19 basepage.py save_page_shot INFO [line:73 截取当前网页图片成功，并保存在：E:\PycharmProjects\web_practise_ketangpai\outputs/screenshots\作业页面-执行js脚本修改元素值_2020-05-23 18_05_19.png]
Sat 23 May 2020 18:05:19 basepage.py execute_script ERROR [line:186 执行js脚本失败]
Traceback (most recent call last):
  File "E:\PycharmProjects\web_practise_ketangpai\common\basepage.py", line 183, in execute_script
    self.driver.execute_script(js)
  File "D:\soft\python\lib\site-packages\selenium\webdriver\remote\webdriver.py", line 636, in execute_script
    'args': converted_args})['value']
  File "D:\soft\python\lib\site-packages\selenium\webdriver\remote\webdriver.py", line 321, in execute
    self.error_handler.check_response(response)
  File "D:\soft\python\lib\site-packages\selenium\webdriver\remote\errorhandler.py", line 242, in check_response
    raise exception_class(message, screen, stacktrace)
selenium.common.exceptions.WebDriverException: Message: unknown error: Runtime.evaluate threw exception: SyntaxError: Unexpected token <
  (Session info: chrome=71.0.3578.98)
  (Driver info: chromedriver=71.0.3578.137 (86ee722808adfe9e3c92e6e8ea746ade08423c7e),platform=Windows NT 6.1.7601 SP1 x86_64)

Sat 23 May 2020 18:05:19 test_homework.py init INFO [line:19 homework用例自己的后置]
Sat 23 May 2020 18:05:19 conftest.py init_login INFO [line:28 init_login后置]
Sat 23 May 2020 18:05:22 conftest.py init_driver INFO [line:20 *****conftest.py共享的init_driver的后置*****]
