{"name": "test_delete", "status": "broken", "statusDetails": {"message": "selenium.common.exceptions.TimeoutException: Message:", "trace": "self = <test_material_format.TestMaterialFormat object at 0x0000016539AE49E8>\ninit = (<selenium.webdriver.chrome.webdriver.WebDriver (session=\"390d6a914e0ba2ed9fbc29e77e918df4\")>, <page_objects.material_format_page.MaterialFormatPage object at 0x0000016539BE7160>)\n\n>   ???\n\nE:\\PycharmProjects\\practise02_web_rojao\\test_cases\\test_material_format.py:21: \n_ _ _ _ _ _ _ _ _ _ _ _ _ _ _ _ _ _ _ _ _ _ _ _ _ _ _ _ _ _ _ _ _ _ _ _ _ _ _ _\npage_objects\\material_format_page.py:20: in delete_record\n    self.click_element(locs.delete_button, \"点击删除按钮\")\ncommon\\basepage.py:99: in click_element\n    self.wait_element_visible(loc, image_name, timeout, poll_frequency)\ncommon\\basepage.py:23: in wait_element_visible\n    WebDriverWait(self.driver, timeout, poll_frequency=poll_frequency).until(EC.visibility_of_element_located(loc))\n_ _ _ _ _ _ _ _ _ _ _ _ _ _ _ _ _ _ _ _ _ _ _ _ _ _ _ _ _ _ _ _ _ _ _ _ _ _ _ _\n\nself = <selenium.webdriver.support.wait.WebDriverWait (session=\"390d6a914e0ba2ed9fbc29e77e918df4\")>\nmethod = <selenium.webdriver.support.expected_conditions.visibility_of_element_located object at 0x0000016539BE7780>\nmessage = ''\n\n    def until(self, method, message=''):\n        \"\"\"Calls the method provided with the driver as an argument until the \\\n        return value is not False.\"\"\"\n        screen = None\n        stacktrace = None\n    \n        end_time = time.time() + self._timeout\n        while True:\n            try:\n                value = method(self._driver)\n                if value:\n                    return value\n            except self._ignored_exceptions as exc:\n                screen = getattr(exc, 'screen', None)\n                stacktrace = getattr(exc, 'stacktrace', None)\n            time.sleep(self._poll)\n            if time.time() > end_time:\n                break\n>       raise TimeoutException(message, screen, stacktrace)\nE       selenium.common.exceptions.TimeoutException: Message:\n\nC:\\Users\\zt\\AppData\\Local\\Programs\\Python\\Python37\\lib\\site-packages\\selenium\\webdriver\\support\\wait.py:80: TimeoutException"}, "attachments": [{"name": "log", "source": "c2121b9d-d822-4330-87ff-da7332de486c-attachment.txt", "type": "text/plain"}], "start": 1590845777145, "stop": 1590845801598, "uuid": "be0b1709-df2d-42f8-9562-d602e8660e47", "historyId": "c3482a43fe348de414a41083db44db2a", "testCaseId": "71bd09c9df6406f68a3379de289795a4", "fullName": "test_cases.test_material_format.TestMaterialFormat#test_delete", "labels": [{"name": "parentSuite", "value": "test_cases"}, {"name": "suite", "value": "test_material_format"}, {"name": "subSuite", "value": "TestMaterialFormat"}, {"name": "host", "value": "DESKTOP-FTT811N"}, {"name": "thread", "value": "4012-MainThread"}, {"name": "framework", "value": "pytest"}, {"name": "language", "value": "cpython3"}, {"name": "package", "value": "test_cases.test_material_format"}]}