{"name": "test_delete", "status": "broken", "statusDetails": {"message": "selenium.common.exceptions.TimeoutException: Message:", "trace": "self = <test_material_format.TestMaterialFormat object at 0x000001B3CFB04048>\ninit = (<selenium.webdriver.chrome.webdriver.WebDriver (session=\"6691d86b35acff67685e16ecc7cc3351\")>, <page_objects.material_format_page.MaterialFormatPage object at 0x000001B3CFB38A20>)\n\n>   ???\n\nE:\\PycharmProjects\\practise02_web_rojao\\test_cases\\test_material_format.py:20: \n_ _ _ _ _ _ _ _ _ _ _ _ _ _ _ _ _ _ _ _ _ _ _ _ _ _ _ _ _ _ _ _ _ _ _ _ _ _ _ _\npage_objects\\material_format_page.py:15: in enter_material_format_iframe\n    self.click_element(locs.meterial_format, \"点击素材格式\")\ncommon\\basepage.py:99: in click_element\n    self.wait_element_visible(loc, image_name, timeout, poll_frequency)\ncommon\\basepage.py:23: in wait_element_visible\n    WebDriverWait(self.driver, timeout, poll_frequency=poll_frequency).until(EC.visibility_of_element_located(loc))\n_ _ _ _ _ _ _ _ _ _ _ _ _ _ _ _ _ _ _ _ _ _ _ _ _ _ _ _ _ _ _ _ _ _ _ _ _ _ _ _\n\nself = <selenium.webdriver.support.wait.WebDriverWait (session=\"6691d86b35acff67685e16ecc7cc3351\")>\nmethod = <selenium.webdriver.support.expected_conditions.visibility_of_element_located object at 0x000001B3CFB38F60>\nmessage = ''\n\n    def until(self, method, message=''):\n        \"\"\"Calls the method provided with the driver as an argument until the \\\n        return value is not False.\"\"\"\n        screen = None\n        stacktrace = None\n    \n        end_time = time.time() + self._timeout\n        while True:\n            try:\n                value = method(self._driver)\n                if value:\n                    return value\n            except self._ignored_exceptions as exc:\n                screen = getattr(exc, 'screen', None)\n                stacktrace = getattr(exc, 'stacktrace', None)\n            time.sleep(self._poll)\n            if time.time() > end_time:\n                break\n>       raise TimeoutException(message, screen, stacktrace)\nE       selenium.common.exceptions.TimeoutException: Message:\n\nC:\\Users\\zt\\AppData\\Local\\Programs\\Python\\Python37\\lib\\site-packages\\selenium\\webdriver\\support\\wait.py:80: TimeoutException"}, "attachments": [{"name": "log", "source": "9cb1c135-0a2f-4cb8-9945-987f90eeff78-attachment.txt", "type": "text/plain"}], "start": 1590845618518, "stop": 1590845640599, "uuid": "db441cb2-90fc-4846-9e38-2ffa13ffe6de", "historyId": "c3482a43fe348de414a41083db44db2a", "testCaseId": "71bd09c9df6406f68a3379de289795a4", "fullName": "test_cases.test_material_format.TestMaterialFormat#test_delete", "labels": [{"name": "parentSuite", "value": "test_cases"}, {"name": "suite", "value": "test_material_format"}, {"name": "subSuite", "value": "TestMaterialFormat"}, {"name": "host", "value": "DESKTOP-FTT811N"}, {"name": "thread", "value": "6812-MainThread"}, {"name": "framework", "value": "pytest"}, {"name": "language", "value": "cpython3"}, {"name": "package", "value": "test_cases.test_material_format"}]}